[0426/150129.188:FATAL:aligned_memory.cc(40)] Check failed: false. 
Backtrace:
	cef_string_utf16_to_upper [0x00007FF862E25F9F+462044]
	cef_string_utf16_to_upper [0x00007FF862E43B01+583742]
	cef_string_map_size [0x00007FF861DB2297+13904487]
	cef_string_map_size [0x00007FF861DC9D59+14001449]
	cef_string_map_size [0x00007FF861DB55AE+13917566]
	cef_string_map_size [0x00007FF861DBB7A3+13942643]
	GetHandleVerifier [0x00007FF86309C5AB+1696203]
	cef_string_map_size [0x00007FF86162F436+6028294]
	cef_string_map_size [0x00007FF86162F388+6028120]
	cef_string_map_size [0x00007FF86162F2E0+6027952]
	cef_string_map_size [0x00007FF86162A007+6006743]
	cef_string_map_size [0x00007FF86135579F+3039087]
	cef_string_map_size [0x00007FF861A62335+10431237]
	cef_string_map_size [0x00007FF86162A763+6008627]
	cef_string_map_size [0x00007FF861A8B6DE+10600110]
	GetHandleVerifier [0x00007FF863094F38+1665880]
	GetHandleVerifier [0x00007FF8630987C3+1680355]
	GetHandleVerifier [0x00007FF8630983E5+1679365]
	GetHandleVerifier [0x00007FF863093D9B+1661371]
	GetHandleVerifier [0x00007FF86309433F+1662815]
	GetHandleVerifier [0x00007FF862FEDB09+980777]
	cef_string_utf16_to_upper [0x00007FF862E299B7+476916]
	cef_string_utf16_to_upper [0x00007FF862E547EE+652587]
	cef_string_utf16_to_upper [0x00007FF862E54D07+653892]
	cef_string_utf16_to_upper [0x00007FF862E5697A+661175]
	cef_string_utf16_to_upper [0x00007FF862E5556E+656043]
	cef_string_utf16_to_upper [0x00007FF862E77AB1+796654]
	cef_string_map_size [0x00007FF8619C4118+9783528]
	cef_string_utf16_to_upper [0x00007FF862EC3B5C+1108121]
	cef_string_utf16_to_upper [0x00007FF862EC5D31+1116782]
	BaseThreadInitThunk [0x00007FF91D4E257D+29]
	RtlUserThreadStart [0x00007FF91E4AAA48+40]

[0426/150421.733:INFO:CONSOLE(1)] "Uncaught RangeError: Array buffer allocation failed", source: file:///C:/Program%20Files/Adobe/Adobe%20Photoshop%202020/Required/www-butler/build/external.js (1)
